\BOOKMARK [0][-]{chapter.1}{Introduction to the EQcorrscan package}{}
\BOOKMARK [1][-]{section.1.1}{Installation}{chapter.1}
\BOOKMARK [1][-]{section.1.2}{Functions}{chapter.1}
\BOOKMARK [0][-]{chapter.2}{EQcorrscan tutorial}{}
\BOOKMARK [0][-]{chapter.3}{Core}{}
\BOOKMARK [1][-]{section.3.1}{bright\137lights}{chapter.3}
\BOOKMARK [1][-]{section.3.2}{template\137gen}{chapter.3}
\BOOKMARK [1][-]{section.3.3}{match\137filter}{chapter.3}
\BOOKMARK [1][-]{section.3.4}{lag\137calc}{chapter.3}
\BOOKMARK [0][-]{chapter.4}{Utils}{}
\BOOKMARK [1][-]{section.4.1}{Sfile\137util}{chapter.4}
\BOOKMARK [1][-]{section.4.2}{findpeaks}{chapter.4}
\BOOKMARK [1][-]{section.4.3}{clustering}{chapter.4}
\BOOKMARK [1][-]{section.4.4}{pre\137processing}{chapter.4}
\BOOKMARK [1][-]{section.4.5}{EQcorrscan\137plotting}{chapter.4}
\BOOKMARK [1][-]{section.4.6}{mag\137calc}{chapter.4}
\BOOKMARK [1][-]{section.4.7}{stacking}{chapter.4}
\BOOKMARK [1][-]{section.4.8}{catalogue2DD}{chapter.4}
\BOOKMARK [0][-]{chapter.5}{Par}{}
\BOOKMARK [0][-]{section*.66}{Python Module Index}{}
\BOOKMARK [0][-]{section*.67}{Index}{}
