mktextfm ecrm1000
mktextfm ecrm1440
mktextfm phvr8t
mktextfm phvb8t
mktextfm nullfont
mktextfm ecrm1200
mktextfm phvr8t
mktextfm phvb8t
mktextfm nullfont
mktextfm phvr8t
mktextfm phvb8t
mktextfm nullfont
mktextfm ecrm0900
mktextfm phvr8t
mktextfm phvb8t
mktextfm nullfont
mktextfm ptmr8t
mktextfm ptmr8t
mktextfm phvr8t
mktextfm phvb8t
mktextfm nullfont
mktextfm ptmri8t
mktextfm ptmri8t
mktextfm phvro8t
mktextfm nullfont
mktextfm phvbo8t
mktextfm nullfont
mktextfm nullfont
mktextfm ptmr8t
mktextfm phvr8t
mktextfm phvb8t
mktextfm nullfont
mktextfm ptmr8t
mktextfm ptmb8t
mktextfm nullfont
mktextfm ptmb8t
mktextfm nullfont
mktextfm ptmr8t
mktextfm ptmr8c
